<?xml version="1.0" encoding="UTF-8"?>
<coverage generated="1609433710">
  <project timestamp="1609433710">
    <file name="/opt/project/20_dic/src/Tile.php">
      <class name="Tile" namespace="global">
        <metrics complexity="34" methods="15" coveredmethods="6" conditionals="0" coveredconditionals="0" statements="92" coveredstatements="80" elements="107" coveredelements="86"/>
      </class>
      <line num="31" type="method" name="__construct" visibility="public" complexity="2" crap="2" count="11"/>
      <line num="33" type="stmt" count="11"/>
      <line num="34" type="stmt" count="11"/>
      <line num="35" type="stmt" count="11"/>
      <line num="37" type="stmt" count="11"/>
      <line num="38" type="stmt" count="11"/>
      <line num="39" type="stmt" count="11"/>
      <line num="40" type="stmt" count="11"/>
      <line num="42" type="stmt" count="11"/>
      <line num="44" type="method" name="get" visibility="public" complexity="1" crap="2.00" count="0"/>
      <line num="45" type="stmt" count="0"/>
      <line num="48" type="method" name="print" visibility="public" complexity="2" crap="2" count="4"/>
      <line num="49" type="stmt" count="4"/>
      <line num="50" type="stmt" count="4"/>
      <line num="51" type="stmt" count="4"/>
      <line num="54" type="stmt" count="4"/>
      <line num="56" type="stmt" count="4"/>
      <line num="59" type="method" name="getBorders" visibility="public" complexity="1" crap="1" count="2"/>
      <line num="61" type="stmt" count="2"/>
      <line num="65" type="method" name="isCorner" visibility="public" complexity="2" crap="2.15" count="1"/>
      <line num="66" type="stmt" count="1"/>
      <line num="67" type="stmt" count="1"/>
      <line num="68" type="stmt" count="0"/>
      <line num="71" type="method" name="isSide" visibility="public" complexity="2" crap="2.15" count="1"/>
      <line num="72" type="stmt" count="1"/>
      <line num="73" type="stmt" count="1"/>
      <line num="74" type="stmt" count="0"/>
      <line num="77" type="method" name="isCentral" visibility="public" complexity="2" crap="2.15" count="1"/>
      <line num="78" type="stmt" count="1"/>
      <line num="79" type="stmt" count="1"/>
      <line num="80" type="stmt" count="0"/>
      <line num="83" type="method" name="isBlocked" visibility="public" complexity="1" crap="2.00" count="0"/>
      <line num="85" type="stmt" count="0"/>
      <line num="91" type="method" name="getActualMode" visibility="public" complexity="1" crap="1" count="1"/>
      <line num="93" type="stmt" count="1"/>
      <line num="97" type="method" name="rotate90" visibility="protected" complexity="4" crap="4.01" count="11"/>
      <line num="98" type="stmt" count="11"/>
      <line num="99" type="stmt" count="11"/>
      <line num="100" type="stmt" count="11"/>
      <line num="101" type="stmt" count="11"/>
      <line num="102" type="stmt" count="11"/>
      <line num="104" type="stmt" count="11"/>
      <line num="105" type="stmt" count="11"/>
      <line num="106" type="stmt" count="11"/>
      <line num="110" type="stmt" count="11"/>
      <line num="112" type="stmt" count="11"/>
      <line num="115" type="stmt" count="0"/>
      <line num="117" type="stmt" count="11"/>
      <line num="119" type="method" name="flipHorizontal" visibility="protected" complexity="3" crap="3.02" count="11"/>
      <line num="120" type="stmt" count="11"/>
      <line num="121" type="stmt" count="11"/>
      <line num="122" type="stmt" count="11"/>
      <line num="123" type="stmt" count="11"/>
      <line num="124" type="stmt" count="11"/>
      <line num="126" type="stmt" count="11"/>
      <line num="128" type="stmt" count="0"/>
      <line num="130" type="stmt" count="11"/>
      <line num="132" type="method" name="nextMode" visibility="protected" complexity="4" crap="4" count="11"/>
      <line num="134" type="stmt" count="11"/>
      <line num="135" type="stmt" count="11"/>
      <line num="138" type="stmt" count="11"/>
      <line num="139" type="stmt" count="11"/>
      <line num="140" type="stmt" count="11"/>
      <line num="142" type="stmt" count="11"/>
      <line num="143" type="stmt" count="11"/>
      <line num="144" type="stmt" count="11"/>
      <line num="146" type="stmt" count="11"/>
      <line num="147" type="stmt" count="11"/>
      <line num="150" type="stmt" count="11"/>
      <line num="152" type="stmt" count="1"/>
      <line num="157" type="method" name="createBorders" visibility="protected" complexity="2" crap="2" count="11"/>
      <line num="159" type="stmt" count="11"/>
      <line num="160" type="stmt" count="11"/>
      <line num="161" type="stmt" count="11"/>
      <line num="162" type="stmt" count="11"/>
      <line num="163" type="stmt" count="11"/>
      <line num="164" type="stmt" count="11"/>
      <line num="166" type="stmt" count="11"/>
      <line num="167" type="stmt" count="11"/>
      <line num="168" type="stmt" count="11"/>
      <line num="171" type="stmt" count="11"/>
      <line num="175" type="method" name="getRightTile" visibility="public" complexity="1" crap="2.00" count="0"/>
      <line num="178" type="stmt" count="0"/>
      <line num="179" type="stmt" count="0"/>
      <line num="182" type="method" name="hasCommonBorders" visibility="public" complexity="6" crap="6.09" count="1"/>
      <line num="188" type="stmt" count="1"/>
      <line num="189" type="stmt" count="1"/>
      <line num="191" type="stmt" count="1"/>
      <line num="192" type="stmt" count="1"/>
      <line num="194" type="stmt" count="1"/>
      <line num="195" type="stmt" count="1"/>
      <line num="196" type="stmt" count="1"/>
      <line num="197" type="stmt" count="1"/>
      <line num="198" type="stmt" count="1"/>
      <line num="199" type="stmt" count="1"/>
      <line num="200" type="stmt" count="1"/>
      <line num="201" type="stmt" count="1"/>
      <line num="202" type="stmt" count="1"/>
      <line num="203" type="stmt" count="1"/>
      <line num="204" type="stmt" count="1"/>
      <line num="205" type="stmt" count="1"/>
      <line num="217" type="stmt" count="1"/>
      <line num="218" type="stmt" count="1"/>
      <line num="220" type="stmt" count="1"/>
      <line num="225" type="stmt" count="0"/>
      <line num="228" type="stmt" count="0"/>
      <line num="232" type="stmt" count="0"/>
      <metrics loc="237" ncloc="180" classes="1" methods="15" coveredmethods="6" conditionals="0" coveredconditionals="0" statements="92" coveredstatements="80" elements="107" coveredelements="86"/>
    </file>
    <metrics files="1" loc="237" ncloc="180" classes="1" methods="15" coveredmethods="6" conditionals="0" coveredconditionals="0" statements="92" coveredstatements="80" elements="107" coveredelements="86"/>
  </project>
</coverage>
